<?xml version="1.0" encoding="UTF-8"?>
<testsuite xmlns:xsi="http://www.w3.org/2001/XMLSchema-instance" xsi:noNamespaceSchemaLocation="https://maven.apache.org/surefire/maven-surefire-plugin/xsd/surefire-test-report.xsd" name="UserTest" time="22.047" tests="12" errors="0" skipped="0" failures="1">
  <properties>
[...]
</properties>
  <testcase name="updateUserEmailAndCheckResponse" classname="UserTest" time="4.914">
    <failure message="1 expectation failed.&#10;JSON path user.email doesn&apos;t match.&#10;Expected: tOG6LO725Ngmail.com&#10;  Actual: tog6lo725ngmail.com&#10;" type="java.lang.AssertionError">java.lang.AssertionError: 
1 expectation failed.
JSON path user.email doesn't match.
Expected: tOG6LO725Ngmail.com
  Actual: tog6lo725ngmail.com

	at UserTest.updateUserEmailAndCheckResponse(UserTest.java:151)
</failure>
    <system-out><![CDATA[HTTP/1.1 200 OK
Date: Thu, 30 Jun 2022 18:42:18 GMT
Content-Type: application/json; charset=utf-8
Transfer-Encoding: chunked
Connection: keep-alive
X-Powered-By: Express
Access-Control-Allow-Origin: *
authorization: Bearer eyJhbGciOiJIUzI1NiIsInR5cCI6IkpXVCJ9.eyJpZCI6IjYyYmRlZThhOTNlYmMyMDAxYjQ5N2IxZiIsImlhdCI6MTY1NjYxNDUzOCwiZXhwIjoxNjU2NjE1NzM4fQ.OyJIJeHiGdl7rmczgpCLRKsVvUmEZ7gGiW4I_CV4lJU
ETag: W/"171-fds469YYH6i6eMOAKKivHc3r+lg"
CF-Cache-Status: DYNAMIC
Expect-CT: max-age=604800, report-uri="https://report-uri.cloudflare.com/cdn-cgi/beacon/expect-ct"
Report-To: {"endpoints":[{"url":"https:\/\/a.nel.cloudflare.com\/report\/v3?s=ofa6CYHqoqRg4Q50w59piVaCkJAKh7NtOOBCPy5pQ%2BN3%2BRftxm2nmgpKgm4Wez4Z42bRlb0RsxkXOB7OPWHi8RotScIJm81e8EyJaQo9cesnMuUdyyBB%2ByhJBNiN7u6g8lcro6%2BBtDvj2MPCpZh8Gzz%2Bwog%3D"}],"group":"cf-nel","max_age":604800}
NEL: {"success_fraction":0,"report_to":"cf-nel","max_age":604800}
Server: cloudflare
CF-RAY: 72390a7e2d455a25-MXP
Content-Encoding: gzip
alt-svc: h3=":443"; ma=86400, h3-29=":443"; ma=86400

{
    "success": true,
    "user": {
        "email": "rtjuj1d8y0@gmail.com",
        "name": "LJzWBgk1LW"
    },
    "accessToken": "Bearer eyJhbGciOiJIUzI1NiIsInR5cCI6IkpXVCJ9.eyJpZCI6IjYyYmRlZThhOTNlYmMyMDAxYjQ5N2IxZiIsImlhdCI6MTY1NjYxNDUzOCwiZXhwIjoxNjU2NjE1NzM4fQ.OyJIJeHiGdl7rmczgpCLRKsVvUmEZ7gGiW4I_CV4lJU",
    "refreshToken": "cfc09a283902f4969f4f7c1eede837f61a65d38918eb7a6e6054f19cbaa4d72d0dc0d4997ee98de0"
}
HTTP/1.1 200 OK
Date: Thu, 30 Jun 2022 18:42:20 GMT
Content-Type: application/json; charset=utf-8
Transfer-Encoding: chunked
Connection: keep-alive
X-Powered-By: Express
Access-Control-Allow-Origin: *
ETag: W/"4b-Izg7Lr8zo3FiSimKnIoiU8bKqVg"
CF-Cache-Status: DYNAMIC
Expect-CT: max-age=604800, report-uri="https://report-uri.cloudflare.com/cdn-cgi/beacon/expect-ct"
Report-To: {"endpoints":[{"url":"https:\/\/a.nel.cloudflare.com\/report\/v3?s=afzYb6gV3K37Al5%2BWREOhdBpJ%2FDfeZef1q6fgLv6OF7hkrSqau9JVugfTG80zadGUQW2ZaKCN8ou6zXHUToQD8X1ydi1SutXvwrHprYPwmSOFMHtiZ1hJpGHUJ1PiImIRfMpQKdH7XKnwo3f27%2FM6xbOCCw%3D"}],"group":"cf-nel","max_age":604800}
NEL: {"success_fraction":0,"report_to":"cf-nel","max_age":604800}
Server: cloudflare
CF-RAY: 72390a8dfa4a0e2a-MXP
Content-Encoding: gzip
alt-svc: h3=":443"; ma=86400, h3-29=":443"; ma=86400

{
    "success": true,
    "user": {
        "email": "tog6lo725ngmail.com",
        "name": "lQrpJ2l99o"
    }
}
]]></system-out>
    <system-err><![CDATA[SLF4J: Failed to load class "org.slf4j.impl.StaticLoggerBinder".
SLF4J: Defaulting to no-operation (NOP) logger implementation
SLF4J: See http://www.slf4j.org/codes.html#StaticLoggerBinder for further details.
]]></system-err>
  </testcase>
  <testcase name="createUserAndCheckResponse" classname="UserTest" time="2.215"/>
  <testcase name="updateUserNameAndCheckResponse" classname="UserTest" time="2.551"/>
  <testcase name="loginIncorrectEmailUserAndCheckResponse" classname="UserTest" time="2.453"/>
  <testcase name="getUserInfoAndCheckResponse" classname="UserTest" time="1.655"/>
  <testcase name="loginUserAndCheckResponse" classname="UserTest" time="1.328"/>
  <testcase name="loginIncorrectPasswordUserAndCheckResponse" classname="UserTest" time="1.249"/>
  <testcase name="updateUserWithoutAuthorizationAndCheckResponse" classname="UserTest" time="3.238"/>
  <testcase name="createUserWithoutPasswordAndCheckResponse" classname="UserTest" time="0.377"/>
  <testcase name="createUserWithoutEmailAndCheckResponse" classname="UserTest" time="0.349"/>
  <testcase name="createUserWithoutNameAndCheckResponse" classname="UserTest" time="0.351"/>
  <testcase name="createExistedUserAndCheckResponse" classname="UserTest" time="1.224"/>
</testsuite>