<?xml version="1.0" encoding="UTF-8"?>
<testsuite xmlns:xsi="http://www.w3.org/2001/XMLSchema-instance" xsi:noNamespaceSchemaLocation="https://maven.apache.org/surefire/maven-surefire-plugin/xsd/surefire-test-report.xsd" name="UserTest" time="16.247" tests="12" errors="0" skipped="0" failures="1">
  <properties>
[...]
</properties>
  <testcase name="updateUserEmailAndCheckResponse" classname="UserTest" time="4.493"/>
  <testcase name="createUserAndCheckResponse" classname="UserTest" time="0.913"/>
  <testcase name="updateUserNameAndCheckResponse" classname="UserTest" time="1.293"/>
  <testcase name="loginIncorrectEmailUserAndCheckResponse" classname="UserTest" time="1.346"/>
  <testcase name="getUserInfoAndCheckResponse" classname="UserTest" time="1.282"/>
  <testcase name="loginUserAndCheckResponse" classname="UserTest" time="1.401">
    <failure message="1 expectation failed.&#10;Expected status code &lt;200&gt; but was &lt;429&gt;.&#10;" type="java.lang.AssertionError"><![CDATA[java.lang.AssertionError: 
1 expectation failed.
Expected status code <200> but was <429>.

	at UserTest.loginUserAndCheckResponse(UserTest.java:91)
]]></failure>
    <system-out><![CDATA[HTTP/1.1 200 OK
Date: Sat, 09 Jul 2022 11:30:34 GMT
Content-Type: application/json; charset=utf-8
Transfer-Encoding: chunked
Connection: keep-alive
X-Powered-By: Express
Access-Control-Allow-Origin: *
authorization: Bearer eyJhbGciOiJIUzI1NiIsInR5cCI6IkpXVCJ9.eyJpZCI6IjYyYzk2NmRhOTNlYmMyMDAxYjQ5ZDUyNiIsImlhdCI6MTY1NzM2NjIzNCwiZXhwIjoxNjU3MzY3NDM0fQ.VJ6wJSsY6AnLyUV7wDasDM4ntnx-pluF--fCm2sD1Rw
ETag: W/"171-EkfZB2sFehcIb8pRhpMvWxiRoVE"
CF-Cache-Status: DYNAMIC
Expect-CT: max-age=604800, report-uri="https://report-uri.cloudflare.com/cdn-cgi/beacon/expect-ct"
Report-To: {"endpoints":[{"url":"https:\/\/a.nel.cloudflare.com\/report\/v3?s=tlIYMTc37n4XuIlGCbuBJ66RshG7NOMRs%2BC%2FTGc5GKHBriDL1slTOxgt4JqpaZyvFrGwfqGvt6WrRaDON%2FMP388QeKzyHL1zL5GwbgG2o6sVP9Qqclj%2FMs79dyZzObPnIuoV7RWz3tAUsX%2BIqW%2B%2BvKy5%2FEE%3D"}],"group":"cf-nel","max_age":604800}
NEL: {"success_fraction":0,"report_to":"cf-nel","max_age":604800}
Server: cloudflare
CF-RAY: 7280ba7758847385-MRS
Content-Encoding: gzip
alt-svc: h3=":443"; ma=86400, h3-29=":443"; ma=86400

{
    "success": true,
    "user": {
        "email": "22v3iz6wlx@gmail.com",
        "name": "lYRMsI69BD"
    },
    "accessToken": "Bearer eyJhbGciOiJIUzI1NiIsInR5cCI6IkpXVCJ9.eyJpZCI6IjYyYzk2NmRhOTNlYmMyMDAxYjQ5ZDUyNiIsImlhdCI6MTY1NzM2NjIzNCwiZXhwIjoxNjU3MzY3NDM0fQ.VJ6wJSsY6AnLyUV7wDasDM4ntnx-pluF--fCm2sD1Rw",
    "refreshToken": "3fa6b4f8bbc4c375d6a14c284d2dcebbd750863c341c1b9fa447f7234a80ae44623a6eea3232dbeb"
}
HTTP/1.1 429 Too Many Requests
Date: Sat, 09 Jul 2022 11:30:35 GMT
Content-Type: text/html
Transfer-Encoding: chunked
Connection: keep-alive
CF-Cache-Status: DYNAMIC
Expect-CT: max-age=604800, report-uri="https://report-uri.cloudflare.com/cdn-cgi/beacon/expect-ct"
Report-To: {"endpoints":[{"url":"https:\/\/a.nel.cloudflare.com\/report\/v3?s=ZbzXqU2um6KhP%2Fooq91mjEvuQpsYjiw7ohLHOq3tHmfHffsNiRQ0R1TH6ceJRS3%2FtKEmRytfqzR8b6UI4GyQ4cep4gXjRpS4CjZVXtwgbw6w3u1L91%2BsUqTESm1M94W0joA%2Fc58hd%2BAgfugO4qn4cM1wiqU%3D"}],"group":"cf-nel","max_age":604800}
NEL: {"success_fraction":0,"report_to":"cf-nel","max_age":604800}
Server: cloudflare
CF-RAY: 7280ba7a5d8241b9-MRS
alt-svc: h3=":443"; ma=86400, h3-29=":443"; ma=86400

<html>
  <head>
    <title>429 Too Many Requests</title>
  </head>
  <body>
    <center>
      <h1>429 Too Many Requests</h1>
    </center>
    <hr/>
    <center>nginx/1.18.0 (Ubuntu)</center>
  </body>
</html>
Request method:	DELETE
Request URI:	https://stellarburgers.nomoreparties.site/api/auth/user
Proxy:			<none>
Request params:	<none>
Query params:	<none>
Form params:	<none>
Path params:	<none>
Headers:		authorization=Bearer eyJhbGciOiJIUzI1NiIsInR5cCI6IkpXVCJ9.eyJpZCI6IjYyYzk2NmRhOTNlYmMyMDAxYjQ5ZDUyNiIsImlhdCI6MTY1NzM2NjIzNCwiZXhwIjoxNjU3MzY3NDM0fQ.VJ6wJSsY6AnLyUV7wDasDM4ntnx-pluF--fCm2sD1Rw
				Accept=*/*
				Content-Type=application/json
Cookies:		<none>
Multiparts:		<none>
Body:			<none>
HTTP/1.1 202 Accepted
Date: Sat, 09 Jul 2022 11:30:35 GMT
Content-Type: application/json; charset=utf-8
Content-Length: 54
Connection: keep-alive
X-Powered-By: Express
Access-Control-Allow-Origin: *
ETag: W/"36-hDmZnQ3Ou/ynnqAeC6TYmyseuzY"
CF-Cache-Status: DYNAMIC
Expect-CT: max-age=604800, report-uri="https://report-uri.cloudflare.com/cdn-cgi/beacon/expect-ct"
Report-To: {"endpoints":[{"url":"https:\/\/a.nel.cloudflare.com\/report\/v3?s=d1f%2Bca3EmoNv7nS0I6KLJr1tGeyg%2B%2FUmXGD4urivxC54JidV6t4bRoKxvIepLUzsIxGIfoHgrPPShdZKcdmIOOof0s7lhEsvofJEzYmEFKR8VJXFYc4WlmYAfT%2BLO1c89PK2YLcsqZB9Gt9p%2BoFcFLvxv%2Bs%3D"}],"group":"cf-nel","max_age":604800}
NEL: {"success_fraction":0,"report_to":"cf-nel","max_age":604800}
Server: cloudflare
CF-RAY: 7280ba7d7ff341f1-MRS
alt-svc: h3=":443"; ma=86400, h3-29=":443"; ma=86400

{
    "success": true,
    "message": "User successfully removed"
}
User deleted
]]></system-out>
  </testcase>
  <testcase name="loginIncorrectPasswordUserAndCheckResponse" classname="UserTest" time="1.202"/>
  <testcase name="updateUserWithoutAuthorizationAndCheckResponse" classname="UserTest" time="1.198"/>
  <testcase name="createUserWithoutPasswordAndCheckResponse" classname="UserTest" time="0.338"/>
  <testcase name="createUserWithoutEmailAndCheckResponse" classname="UserTest" time="0.359"/>
  <testcase name="createUserWithoutNameAndCheckResponse" classname="UserTest" time="0.916"/>
  <testcase name="createExistedUserAndCheckResponse" classname="UserTest" time="1.361"/>
</testsuite>