-------------------------------------------------------------------------------
Test set: UserTest
-------------------------------------------------------------------------------
Tests run: 12, Failures: 1, Errors: 0, Skipped: 0, Time elapsed: 16.247 s <<< FAILURE! - in UserTest
loginUserAndCheckResponse(UserTest)  Time elapsed: 1.401 s  <<< FAILURE!
java.lang.AssertionError: 
1 expectation failed.
Expected status code <200> but was <429>.

	at UserTest.loginUserAndCheckResponse(UserTest.java:91)

